{
  "RSpec": {
    "coverage": {
      "/Users/rovaira/Dropbox/LaunchAcademy/wheres_wendy/app/models/user.rb": [
        1,
        1,
        1,
        1,
        1,
        1,
        null,
        null,
        null,
        1,
        null,
        null
      ],
      "/Users/rovaira/Dropbox/LaunchAcademy/wheres_wendy/app/controllers/application_controller.rb": [
        1,
        null,
        null,
        1,
        null,
        1,
        null,
        1,
        null,
        1,
        12,
        2,
        null,
        null,
        null,
        null,
        null,
        null,
        null,
        null,
        null,
        null,
        null,
        null,
        null,
        null,
        null,
        12,
        0,
        null,
        null,
        null,
        null,
        null,
        null,
        null,
        null,
        null,
        null,
        null,
        null,
        null,
        null,
        null,
        null
      ],
      "/Users/rovaira/Dropbox/LaunchAcademy/wheres_wendy/app/controllers/homes_controller.rb": [
        1,
        1,
        null,
        null
      ]
    },
    "timestamp": 1437145899
  }
}
