{
  "RSpec": {
    "coverage": {
      "/Users/rovaira/Dropbox/LaunchAcademy/wheres_wendy/app/models/user.rb": [
        1,
        1,
        1,
        null,
        1,
        1,
        1,
        1,
        1,
        null,
        null,
        null,
        1,
        null,
        null
      ],
      "/Users/rovaira/Dropbox/LaunchAcademy/wheres_wendy/app/models/current_location.rb": [
        1,
        1,
        1,
        1,
        null,
        1,
        1,
        null
      ],
      "/Users/rovaira/Dropbox/LaunchAcademy/wheres_wendy/app/controllers/homes_controller.rb": [
        1,
        1,
        null,
        null
      ],
      "/Users/rovaira/Dropbox/LaunchAcademy/wheres_wendy/app/controllers/application_controller.rb": [
        1,
        null,
        null,
        1,
        null,
        1,
        null,
        1,
        null,
        1,
        3,
        null,
        null,
        1,
        null,
        1,
        9,
        1,
        null,
        null,
        null,
        null,
        null,
        null,
        null,
        null,
        null,
        null,
        null,
        null,
        9,
        0,
        null,
        null,
        null,
        null,
        null,
        null,
        null,
        null,
        null,
        null,
        null,
        null,
        null,
        null
      ],
      "/Users/rovaira/Dropbox/LaunchAcademy/wheres_wendy/app/controllers/my_devise/sessions_controller.rb": [
        1,
        1,
        1,
        null,
        1,
        0,
        null,
        1,
        null,
        null,
        null
      ],
      "/Users/rovaira/Dropbox/LaunchAcademy/wheres_wendy/app/controllers/current_locations_controller.rb": [
        1,
        1,
        3,
        null,
        3,
        0,
        0,
        0,
        null,
        3,
        3,
        3,
        null,
        null,
        null,
        1,
        0,
        null,
        null,
        1,
        0,
        0,
        0,
        null,
        null,
        0,
        null,
        null,
        null,
        1,
        0,
        null,
        null,
        1,
        0,
        0,
        0,
        null,
        0,
        0,
        0,
        0,
        null,
        0,
        null,
        null,
        null,
        1,
        0,
        0,
        0,
        null,
        null,
        1,
        null,
        1,
        0,
        null,
        null,
        null,
        1,
        0,
        0,
        0,
        0,
        null,
        null,
        1,
        3,
        3,
        null,
        null,
        null,
        3,
        3,
        3,
        null,
        null,
        null
      ],
      "/Users/rovaira/Dropbox/LaunchAcademy/wheres_wendy/app/controllers/users_controller.rb": [
        1,
        1,
        0,
        0,
        0,
        0,
        0,
        null,
        null,
        null,
        1,
        3,
        3,
        3,
        null,
        null,
        1,
        0,
        null,
        null,
        1,
        0,
        0,
        0,
        0,
        0,
        null,
        0,
        0,
        null,
        null,
        null,
        null,
        1,
        null,
        1,
        0,
        null,
        null
      ],
      "/Users/rovaira/Dropbox/LaunchAcademy/wheres_wendy/app/models/ping.rb": [
        1,
        1,
        1,
        null
      ],
      "/Users/rovaira/Dropbox/LaunchAcademy/wheres_wendy/app/controllers/pings_controller.rb": [
        1,
        1,
        0,
        null,
        null,
        1,
        1,
        1,
        1,
        1,
        1,
        null,
        0,
        0,
        null,
        null,
        null,
        1,
        null,
        1,
        1,
        null,
        null
      ]
    },
    "timestamp": 1437752768
  }
}
